1cb4 app_context::start_logger  476 ---- 2025/11/14 10:15:51.807 -------------------------------------------------
1cb4 app_context::start_logger  479 Host process is 'cmd.exe' (pid 7348)
1cb4 app_context::start_logger  483 DLL path is 'D:\BPF1_Adilah\laragon-6.0-minimal\bin\cmder\vendor\clink'
1cb4 app_context::start_logger  498 Windows version 10.0.26200 (x64)
1cb4 app_context::start_logger  500 Clink version 1.6.14.93b83f (x64)
1cb4 hook_setter::hook_setter  159 >>> Started hook transaction.
1cb4 hook_setter::attach_iat   316 Attempting to hook SetEnvironmentVariableW in IAT for module 00007FF6C14E0000.
1cb4 pe_info::iterate_imports  195 Found import in 'api-ms-win-core-processenvironment-l1-1-0.dll'
1cb4 find_iat                  124 Found import at 00007FF6C151BE70 (value is 00007FFAF73D22A0).
1cb4 hook_setter::attach_iat   316 Attempting to hook SetEnvironmentStringsW in IAT for module 00007FF6C14E0000.
1cb4 pe_info::iterate_imports  195 Found import in 'api-ms-win-core-processenvironment-l1-1-0.dll'
1cb4 find_iat                  124 Found import at 00007FF6C151BE78 (value is 00007FFAF73E74E0).
1cb4 hook_setter::attach_iat   316 Attempting to hook WriteConsoleW in IAT for module 00007FF6C14E0000.
1cb4 pe_info::iterate_imports  195 Found import in 'api-ms-win-core-console-l1-1-0.dll'
1cb4 find_iat                  124 Found import at 00007FF6C151BAB8 (value is 00007FFAF73CC6D0).
1cb4 hook_setter::attach_iat   316 Attempting to hook GetEnvironmentVariableW in IAT for module 00007FF6C14E0000.
1cb4 pe_info::iterate_imports  195 Found import in 'api-ms-win-core-processenvironment-l1-1-0.dll'
1cb4 find_iat                  124 Found import at 00007FF6C151BE50 (value is 00007FFAF73AFD90).
1cb4 hook_setter::commit       207 <<< Hook transaction committed.
1cb4 hook_setter::hook_setter  159 >>> Started hook transaction.
1cb4 hook_setter::detach_iat   359 Attempting to unhook 00007FFA8C505200 from GetEnvironmentVariableW in IAT for module 00007FF6C14E0000.
1cb4 pe_info::iterate_imports  195 Found import in 'api-ms-win-core-processenvironment-l1-1-0.dll'
1cb4 find_iat                  124 Found import at 00007FF6C151BE50 (value is 00007FFA8C505200).
1cb4 hook_setter::commit       207 <<< Hook transaction committed.
1cb4 hook_setter::hook_setter  159 >>> Started hook transaction.
1cb4 hook_setter::attach_iat   316 Attempting to hook ReadConsoleW in IAT for module 00007FF6C14E0000.
1cb4 pe_info::iterate_imports  195 Found import in 'api-ms-win-core-console-l1-1-0.dll'
1cb4 find_iat                  124 Found import at 00007FF6C151BAC8 (value is 00007FFAF73B05B0).
1cb4 hook_setter::commit       207 <<< Hook transaction committed.
1cb4 hook_setter::hook_setter  159 >>> Started hook transaction.
1cb4 hook_setter::attach_iat   316 Attempting to hook SetConsoleTitleW in IAT for module 00007FF6C14E0000.
1cb4 pe_info::iterate_imports  195 Found import in 'api-ms-win-core-console-l2-2-0.dll'
1cb4 find_iat                  124 Found import at 00007FF6C151BB30 (value is 00007FFAF73BFB60).
1cb4 hook_setter::commit       207 <<< Hook transaction committed.
1cb4 win_screen_buffer::begin  366 Using native terminal support (auto mode found 'ConEmuHk64.dll').
1cb4 reset_handle              144 resetting mismatched stdin handle
1cb4 reset_handle              144 resetting mismatched stdout handle
1cb4 reset_handle              144 resetting mismatched stderr handle
1cb4 reset_handle              144 resetting mismatched stdout handle
1cb4 reset_handle              144 resetting mismatched stderr handle
1cb4 host_lua::load_scripts    192 Loaded 2 Lua scripts in 2395 ms
1cb4 @~clink~/app/update.lua   370 Clink updater: too soon to check for updates (1763002340 vs 1763090175).
1cb4 history_db::initialise   1321 master bank ctag: |CTAG_1663167284_18455859_4204_0
1cb4 history_db::compact      1599 History:  57 active, 85 deleted
1cb4 reset_handle              144 resetting mismatched stdout handle
1cb4 reset_handle              144 resetting mismatched stderr handle
1cb4 history_db::compact      1599 History:  57 active, 86 deleted
1cb4 reset_handle              144 resetting mismatched stdout handle
1cb4 reset_handle              144 resetting mismatched stderr handle
1cb4 history_db::compact      1599 History:  57 active, 87 deleted
1cb4 reset_handle              144 resetting mismatched stdout handle
1cb4 reset_handle              144 resetting mismatched stderr handle
1cb4 history_db::compact      1599 History:  58 active, 87 deleted
1cb4 reset_handle              144 resetting mismatched stdout handle
1cb4 reset_handle              144 resetting mismatched stderr handle
1cb4 history_db::compact      1599 History:  58 active, 88 deleted
1cb4 reset_handle              144 resetting mismatched stdout handle
1cb4 reset_handle              144 resetting mismatched stderr handle
1cb4 history_db::compact      1599 History:  58 active, 89 deleted
1cb4 reset_handle              144 resetting mismatched stdout handle
1cb4 reset_handle              144 resetting mismatched stderr handle
1cb4 history_db::compact      1599 History:  59 active, 89 deleted
1cb4 reset_handle              144 resetting mismatched stdout handle
1cb4 reset_handle              144 resetting mismatched stderr handle
1cb4 history_db::compact      1599 History:  59 active, 90 deleted
1cb4 reset_handle              144 resetting mismatched stdout handle
1cb4 reset_handle              144 resetting mismatched stderr handle
1cb4 history_db::compact      1599 History:  60 active, 90 deleted
1cb4 reset_handle              144 resetting mismatched stdout handle
1cb4 reset_handle              144 resetting mismatched stderr handle
1cb4 history_db::compact      1599 History:  61 active, 90 deleted
1cb4 reset_handle              144 resetting mismatched stdout handle
1cb4 reset_handle              144 resetting mismatched stderr handle
1cb4 history_db::compact      1599 History:  61 active, 91 deleted
1cb4 reset_handle              144 resetting mismatched stdout handle
1cb4 reset_handle              144 resetting mismatched stderr handle
1cb4 history_db::compact      1599 History:  62 active, 91 deleted
1cb4 reset_handle              144 resetting mismatched stdout handle
1cb4 reset_handle              144 resetting mismatched stderr handle
1cb4 history_db::compact      1599 History:  63 active, 91 deleted
1cb4 reset_handle              144 resetting mismatched stdout handle
1cb4 reset_handle              144 resetting mismatched stderr handle
1cb4 history_db::compact      1599 History:  63 active, 92 deleted
1cb4 reset_handle              144 resetting mismatched stdout handle
1cb4 reset_handle              144 resetting mismatched stderr handle
1cb4 history_db::compact      1599 History:  63 active, 93 deleted
1cb4 reset_handle              144 resetting mismatched stdout handle
1cb4 reset_handle              144 resetting mismatched stderr handle
1cb4 history_db::compact      1599 History:  64 active, 93 deleted
1cb4 reset_handle              144 resetting mismatched stdout handle
1cb4 reset_handle              144 resetting mismatched stderr handle
1cb4 history_db::compact      1599 History:  64 active, 94 deleted
